0 info it worked if it ends with ok
1 verbose cli [ 'c:\\Program Files\\nodejs\\node.exe',
1 verbose cli   'c:\\Program Files\\nodejs\\node_modules\\npm\\bin\\npm-cli.js',
1 verbose cli   'run',
1 verbose cli   'start' ]
2 info using npm@2.11.3
3 info using node@v0.12.7
4 verbose config Skipping project config: C:\Users\xurui/.npmrc. (matches userconfig)
5 verbose stack Error: missing script: start
5 verbose stack     at run (c:\Program Files\nodejs\node_modules\npm\lib\run-script.js:142:19)
5 verbose stack     at c:\Program Files\nodejs\node_modules\npm\lib\run-script.js:58:5
5 verbose stack     at c:\Program Files\nodejs\node_modules\npm\node_modules\read-package-json\read-json.js:345:5
5 verbose stack     at checkBinReferences_ (c:\Program Files\nodejs\node_modules\npm\node_modules\read-package-json\read-json.js:309:45)
5 verbose stack     at final (c:\Program Files\nodejs\node_modules\npm\node_modules\read-package-json\read-json.js:343:3)
5 verbose stack     at then (c:\Program Files\nodejs\node_modules\npm\node_modules\read-package-json\read-json.js:113:5)
5 verbose stack     at c:\Program Files\nodejs\node_modules\npm\node_modules\read-package-json\read-json.js:300:12
5 verbose stack     at evalmachine.<anonymous>:334:14
5 verbose stack     at c:\Program Files\nodejs\node_modules\npm\node_modules\graceful-fs\graceful-fs.js:102:5
5 verbose stack     at FSReqWrap.oncomplete (evalmachine.<anonymous>:95:15)
6 verbose cwd C:\Users\xurui\Desktop\123
7 error Windows_NT 6.1.7601
8 error argv "c:\\Program Files\\nodejs\\node.exe" "c:\\Program Files\\nodejs\\node_modules\\npm\\bin\\npm-cli.js" "run" "start"
9 error node v0.12.7
10 error npm  v2.11.3
11 error missing script: start
12 error If you need help, you may report this error at:
12 error     <https://github.com/npm/npm/issues>
13 verbose exit [ 1, true ]
